c:\users\willi\source\repos\williamcolon - copy - copy\it-499-codev4.7\it-499-code\it-499 code\x64\debug\vc143.pdb
c:\users\willi\source\repos\williamcolon - copy - copy\it-499-codev4.7\it-499-code\it-499 code\x64\debug\vc143.idb
c:\users\willi\source\repos\williamcolon - copy - copy\it-499-codev4.7\it-499-code\it-499 code\x64\debug\it-499 code.obj
c:\users\willi\source\repos\williamcolon - copy - copy\it-499-code\x64\debug\it-499 code.exe
c:\users\willi\source\repos\williamcolon - copy - copy\it-499-code\x64\debug\it-499 code.pdb
c:\users\willi\source\repos\williamcolon - copy - copy\it-499-codev4.7\it-499-code\x64\debug\it-499 code.exe
c:\users\willi\source\repos\williamcolon - copy - copy\it-499-codev4.7\it-499-code\x64\debug\it-499 code.pdb
c:\users\willi\source\repos\williamcolon - copy - copy\it-499-code\it-499 code\x64\debug\it-499 code.res
c:\users\willi\source\repos\williamcolon - copy - copy\it-499-codev4.7\it-499-code\it-499 code\x64\debug\it-499 code.res
c:\users\willi\source\repos\williamcolon - copy - copy\it-499-codev4.7\it-499-code\it-499 code\x64\debug\it-499 code.ilk
c:\users\willi\source\repos\williamcolon - copy - copy\it-499-codev4.7\it-499-code\it-499 code\x64\debug\it-499 code.tlog\cl.command.1.tlog
c:\users\willi\source\repos\williamcolon - copy - copy\it-499-codev4.7\it-499-code\it-499 code\x64\debug\it-499 code.tlog\cl.items.tlog
c:\users\willi\source\repos\williamcolon - copy - copy\it-499-codev4.7\it-499-code\it-499 code\x64\debug\it-499 code.tlog\cl.read.1.tlog
c:\users\willi\source\repos\williamcolon - copy - copy\it-499-codev4.7\it-499-code\it-499 code\x64\debug\it-499 code.tlog\cl.write.1.tlog
c:\users\willi\source\repos\williamcolon - copy - copy\it-499-codev4.7\it-499-code\it-499 code\x64\debug\it-499 code.tlog\link.command.1.tlog
c:\users\willi\source\repos\williamcolon - copy - copy\it-499-codev4.7\it-499-code\it-499 code\x64\debug\it-499 code.tlog\link.read.1.tlog
c:\users\willi\source\repos\williamcolon - copy - copy\it-499-codev4.7\it-499-code\it-499 code\x64\debug\it-499 code.tlog\link.secondary.1.tlog
c:\users\willi\source\repos\williamcolon - copy - copy\it-499-codev4.7\it-499-code\it-499 code\x64\debug\it-499 code.tlog\link.write.1.tlog
c:\users\willi\source\repos\williamcolon - copy - copy\it-499-codev4.7\it-499-code\it-499 code\x64\debug\it-499 code.tlog\rc.command.1.tlog
c:\users\willi\source\repos\williamcolon - copy - copy\it-499-codev4.7\it-499-code\it-499 code\x64\debug\it-499 code.tlog\rc.read.1.tlog
c:\users\willi\source\repos\williamcolon - copy - copy\it-499-codev4.7\it-499-code\it-499 code\x64\debug\it-499 code.tlog\rc.write.1.tlog
